<?xml version="1.0" encoding="UTF-8"?>
<testng-results ignored="0" total="2" passed="2" failed="0" skipped="0">
  <reporter-output>
  </reporter-output>
  <suite started-at="2023-03-30T11:36:04 IST" name="Suite" finished-at="2023-03-30T11:36:18 IST" duration-ms="14627">
    <groups>
      <group name="Master">
        <method signature="TC_002_Login.test_Login()[pri:0, instance:testCases.TC_002_Login@1b2abca6]" name="test_Login" class="testCases.TC_002_Login"/>
        <method signature="Tc_001_RegisterAccount.test_Account_Registration()[pri:0, instance:testCases.Tc_001_RegisterAccount@741a8937]" name="test_Account_Registration" class="testCases.Tc_001_RegisterAccount"/>
      </group> <!-- Master -->
      <group name="Sanity">
        <method signature="TC_002_Login.test_Login()[pri:0, instance:testCases.TC_002_Login@1b2abca6]" name="test_Login" class="testCases.TC_002_Login"/>
      </group> <!-- Sanity -->
      <group name="Regression">
        <method signature="Tc_001_RegisterAccount.test_Account_Registration()[pri:0, instance:testCases.Tc_001_RegisterAccount@741a8937]" name="test_Account_Registration" class="testCases.Tc_001_RegisterAccount"/>
      </group> <!-- Regression -->
    </groups>
    <test started-at="2023-03-30T11:36:04 IST" name="Test" finished-at="2023-03-30T11:36:18 IST" duration-ms="14627">
      <class name="testCases.Tc_001_RegisterAccount">
        <test-method is-config="true" signature="Setup(java.lang.String)[pri:0, instance:testCases.Tc_001_RegisterAccount@741a8937]" started-at="2023-03-30T11:36:04 IST" name="Setup" finished-at="2023-03-30T11:36:09 IST" duration-ms="5520" status="PASS">
          <params>
            <param index="0">
              <value>
                <![CDATA[chrome]]>
              </value>
            </param>
          </params>
          <reporter-output>
          </reporter-output>
        </test-method> <!-- Setup -->
        <test-method signature="test_Account_Registration()[pri:0, instance:testCases.Tc_001_RegisterAccount@741a8937]" started-at="2023-03-30T11:36:10 IST" name="test_Account_Registration" finished-at="2023-03-30T11:36:13 IST" duration-ms="3671" status="PASS">
          <reporter-output>
          </reporter-output>
        </test-method> <!-- test_Account_Registration -->
        <test-method is-config="true" signature="tearDown()[pri:0, instance:testCases.Tc_001_RegisterAccount@741a8937]" started-at="2023-03-30T11:36:13 IST" name="tearDown" finished-at="2023-03-30T11:36:13 IST" duration-ms="188" status="PASS">
          <reporter-output>
          </reporter-output>
        </test-method> <!-- tearDown -->
      </class> <!-- testCases.Tc_001_RegisterAccount -->
      <class name="testCases.TC_002_Login">
        <test-method is-config="true" signature="Setup(java.lang.String)[pri:0, instance:testCases.TC_002_Login@1b2abca6]" started-at="2023-03-30T11:36:13 IST" name="Setup" finished-at="2023-03-30T11:36:17 IST" duration-ms="3748" status="PASS">
          <params>
            <param index="0">
              <value>
                <![CDATA[chrome]]>
              </value>
            </param>
          </params>
          <reporter-output>
          </reporter-output>
        </test-method> <!-- Setup -->
        <test-method signature="test_Login()[pri:0, instance:testCases.TC_002_Login@1b2abca6]" started-at="2023-03-30T11:36:17 IST" name="test_Login" finished-at="2023-03-30T11:36:18 IST" duration-ms="1040" status="PASS">
          <reporter-output>
          </reporter-output>
        </test-method> <!-- test_Login -->
        <test-method is-config="true" signature="tearDown()[pri:0, instance:testCases.TC_002_Login@1b2abca6]" started-at="2023-03-30T11:36:18 IST" name="tearDown" finished-at="2023-03-30T11:36:18 IST" duration-ms="131" status="PASS">
          <reporter-output>
          </reporter-output>
        </test-method> <!-- tearDown -->
      </class> <!-- testCases.TC_002_Login -->
    </test> <!-- Test -->
  </suite> <!-- Suite -->
</testng-results>
